<?xml version="1.0" encoding="UTF-8"?>
<!-- Generated by org.testng.reporters.JUnitXMLReporter -->
<testsuite ignored="0" hostname="DESKTOP-98O5IH4" failures="0" tests="2" name="EdgeTest" time="0.106" errors="0" timestamp="2024-12-20T09:29:43 IST">
  <testcase classname="testClasses.ManageUserTestClass" name="addANewUser" time="0.0">
    <skipped/>
  </testcase> <!-- addANewUser -->
  <testcase classname="testClasses.ManageUserTestClass" name="verifyTheManageUsersPageIsOpenWhileClickingOnUsers" time="0.0">
    <skipped/>
  </testcase> <!-- verifyTheManageUsersPageIsOpenWhileClickingOnUsers -->
</testsuite> <!-- EdgeTest -->
